<?xml version="1.0" encoding="utf-8"?><testsuites name="pytest tests"><testsuite name="pytest" errors="0" failures="0" skipped="0" tests="17" time="10.716" timestamp="2026-01-18T13:13:19.660151+00:00" hostname="agent-env-0bbfefaf-81ab-44c1-9f2a-04aee3bea5c6"><testcase classname="tests.test_synaptra_api.TestSystemStatus" name="test_status_returns_operational" time="0.077" /><testcase classname="tests.test_synaptra_api.TestTasksAPI" name="test_get_tasks_list" time="0.043" /><testcase classname="tests.test_synaptra_api.TestTasksAPI" name="test_get_task_with_execution_steps" time="0.036" /><testcase classname="tests.test_synaptra_api.TestTasksAPI" name="test_get_task_with_evaluation_metrics" time="0.037" /><testcase classname="tests.test_synaptra_api.TestTasksAPI" name="test_get_single_task" time="0.078" /><testcase classname="tests.test_synaptra_api.TestTasksAPI" name="test_get_nonexistent_task_returns_404" time="0.039" /><testcase classname="tests.test_synaptra_api.TestTasksAPI" name="test_create_task_and_verify_execution" time="9.575" /><testcase classname="tests.test_synaptra_api.TestEvalSuitesAPI" name="test_get_eval_suites_list" time="0.042" /><testcase classname="tests.test_synaptra_api.TestEvalSuitesAPI" name="test_create_eval_suite" time="0.131" /><testcase classname="tests.test_synaptra_api.TestEvalSuitesAPI" name="test_delete_nonexistent_suite_returns_404" time="0.035" /><testcase classname="tests.test_synaptra_api.TestEvalRunsAPI" name="test_get_eval_runs_list" time="0.079" /><testcase classname="tests.test_synaptra_api.TestMemoryAPI" name="test_get_memory_items" time="0.041" /><testcase classname="tests.test_synaptra_api.TestMemoryAPI" name="test_get_memory_stats" time="0.039" /><testcase classname="tests.test_synaptra_api.TestSettingsAPI" name="test_get_settings" time="0.079" /><testcase classname="tests.test_synaptra_api.TestSettingsAPI" name="test_update_settings" time="0.075" /><testcase classname="tests.test_synaptra_api.TestExportAPI" name="test_export_task" time="0.079" /><testcase classname="tests.test_synaptra_api.TestExportAPI" name="test_export_nonexistent_task_returns_404" time="0.037" /></testsuite></testsuites>